SF:lib/data/user.dart
DA:9,2
DA:12,2
DA:22,2
DA:23,1
DA:24,1
DA:28,2
LF:6
LH:6
end_of_record
SF:lib/data/user.g.dart
DA:9,2
DA:10,1
DA:11,1
DA:14,2
DA:15,1
DA:16,1
LF:6
LH:6
end_of_record
SF:lib/main.dart
DA:8,0
DA:13,2
DA:15,0
DA:17,0
DA:19,0
DA:26,0
DA:28,0
DA:29,0
DA:30,0
DA:33,0
DA:44,0
DA:45,0
LF:12
LH:1
end_of_record
SF:lib/mutations/get_user.dart
DA:8,0
DA:11,0
DA:14,0
LF:3
LH:0
end_of_record
SF:lib/mutations/set_current_index.dart
DA:7,0
DA:10,0
LF:2
LH:0
end_of_record
SF:lib/mutations/update_name.dart
DA:7,0
DA:12,0
DA:14,0
DA:15,0
LF:4
LH:0
end_of_record
SF:lib/pages/about_page.dart
DA:7,3
DA:9,1
DA:11,1
DA:12,3
DA:13,1
DA:14,5
DA:15,1
LF:7
LH:7
end_of_record
SF:lib/pages/home_page.dart
DA:10,3
DA:12,1
DA:14,1
DA:15,1
DA:16,2
DA:17,1
DA:18,1
DA:20,0
DA:24,1
DA:27,1
DA:29,1
DA:30,1
DA:31,3
DA:32,2
DA:33,1
DA:35,1
DA:36,1
DA:37,1
DA:38,1
DA:39,3
DA:40,1
DA:41,2
LF:22
LH:21
end_of_record
SF:lib/pages/profile_page.dart
DA:10,3
DA:12,1
DA:14,1
DA:15,3
DA:16,1
DA:17,1
DA:19,1
DA:20,2
DA:21,2
DA:22,1
DA:23,1
DA:24,1
DA:27,1
DA:28,0
DA:29,2
DA:30,1
DA:31,2
LF:17
LH:16
end_of_record
SF:lib/pages/update_name_page.dart
DA:10,3
DA:12,1
DA:14,1
DA:16,1
DA:17,3
DA:18,1
DA:20,1
DA:26,1
DA:29,1
DA:30,0
DA:31,0
DA:32,0
DA:34,2
DA:35,1
DA:36,1
LF:15
LH:12
end_of_record
