SF:lib/main.dart
DA:8,4
DA:13,2
DA:15,1
DA:17,1
DA:19,1
DA:26,1
DA:28,1
DA:29,1
DA:30,2
DA:33,1
DA:41,1
DA:42,2
LF:12
LH:12
end_of_record
SF:lib/data/user/user.pb.dart
DA:18,1
DA:23,1
DA:25,0
DA:28,0
DA:31,0
DA:35,2
DA:36,0
DA:38,0
DA:39,0
DA:41,0
DA:43,3
DA:47,1
DA:48,1
DA:49,1
DA:50,1
DA:52,0
DA:55,0
DA:56,0
DA:60,0
DA:62,2
DA:64,1
DA:65,1
DA:66,0
DA:67,0
DA:68,0
DA:70,0
DA:73,0
DA:74,0
DA:75,1
DA:77,1
DA:80,0
DA:81,0
DA:82,0
DA:83,0
DA:85,1
DA:86,1
DA:87,1
DA:89,1
DA:92,0
DA:93,0
DA:94,0
DA:95,0
DA:97,0
DA:98,0
DA:99,0
DA:101,0
DA:104,0
DA:105,0
DA:106,0
DA:107,0
DA:112,0
DA:115,0
DA:117,0
DA:121,0
DA:122,0
DA:124,0
DA:125,0
DA:127,0
DA:129,0
DA:133,0
DA:134,0
DA:136,0
DA:139,0
DA:140,0
DA:144,0
DA:146,0
DA:148,0
DA:149,0
DA:150,0
DA:151,0
DA:152,0
DA:154,0
DA:157,0
DA:158,0
DA:159,0
DA:161,0
DA:164,0
DA:165,0
DA:166,0
DA:167,0
DA:171,0
DA:174,0
DA:176,0
DA:180,0
DA:181,0
DA:183,0
DA:184,0
DA:186,0
DA:188,0
DA:192,0
DA:193,0
DA:195,0
DA:198,0
DA:199,0
DA:203,0
DA:206,0
DA:208,0
DA:209,0
DA:210,0
DA:211,0
DA:212,0
DA:213,0
DA:215,0
DA:218,0
DA:219,0
DA:220,0
DA:222,0
DA:225,0
DA:226,0
DA:227,0
DA:228,0
DA:229,0
DA:230,0
DA:234,0
DA:237,0
DA:239,0
DA:243,0
DA:244,0
DA:246,0
DA:247,0
DA:249,0
DA:251,0
DA:255,0
DA:256,0
DA:258,0
DA:261,0
DA:262,0
DA:266,0
DA:269,0
DA:271,0
DA:272,0
DA:273,0
DA:274,0
DA:275,0
DA:276,0
DA:278,0
DA:281,0
DA:282,0
DA:283,0
DA:285,0
DA:288,0
DA:289,0
DA:290,0
DA:291,0
LF:144
LH:17
end_of_record
SF:lib/mutations/get_user.dart
DA:8,1
DA:11,1
DA:14,3
DA:15,1
DA:16,1
LF:5
LH:5
end_of_record
SF:lib/mutations/set_current_index.dart
DA:7,1
DA:10,5
LF:2
LH:2
end_of_record
SF:lib/mutations/update_name.dart
DA:7,1
DA:12,1
DA:14,4
LF:3
LH:3
end_of_record
SF:lib/pages/about_page.dart
DA:7,1
DA:9,1
DA:11,1
DA:12,3
DA:13,1
DA:14,5
DA:15,1
LF:7
LH:7
end_of_record
SF:lib/pages/home_page.dart
DA:10,1
DA:12,1
DA:14,1
DA:15,1
DA:16,2
DA:17,1
DA:18,1
DA:20,2
DA:21,1
DA:24,1
DA:27,1
DA:29,1
DA:30,1
DA:31,3
DA:32,2
DA:33,1
DA:35,1
DA:36,1
DA:37,1
DA:38,1
DA:39,3
DA:40,1
DA:41,2
LF:23
LH:23
end_of_record
SF:lib/pages/profile_page.dart
DA:10,1
DA:12,1
DA:14,1
DA:15,3
DA:16,1
DA:17,1
DA:19,1
DA:20,2
DA:21,2
DA:22,1
DA:23,1
DA:24,1
DA:27,1
DA:28,2
DA:29,2
DA:30,1
DA:31,2
LF:17
LH:17
end_of_record
SF:lib/pages/update_name_page.dart
DA:10,1
DA:12,1
DA:14,1
DA:16,1
DA:17,3
DA:18,1
DA:20,1
DA:26,1
DA:29,1
DA:30,1
DA:31,2
DA:32,1
DA:34,2
DA:35,1
DA:36,1
LF:15
LH:15
end_of_record
